proguard/seeds.txt
com.reneponette.comicbox.R$array: int pref_read_direction_list_titles
com.reneponette.comicbox.R$array: int pref_read_direction_list_values
com.reneponette.comicbox.R$array: int select_read_direction_items
com.reneponette.comicbox.R$attr: int metaButtonBarButtonStyle
com.reneponette.comicbox.R$attr: int metaButtonBarStyle
com.reneponette.comicbox.R$color: int accent
com.reneponette.comicbox.R$color: int actionbar_bg
com.reneponette.comicbox.R$color: int activity_bg
com.reneponette.comicbox.R$color: int black_overlay
com.reneponette.comicbox.R$color: int primary
com.reneponette.comicbox.R$color: int primary_dark
com.reneponette.comicbox.R$color: int text_primary
com.reneponette.comicbox.R$color: int text_primary_lighter
com.reneponette.comicbox.R$dimen: int activity_horizontal_margin
com.reneponette.comicbox.R$dimen: int activity_padding
com.reneponette.comicbox.R$dimen: int activity_vertical_margin
com.reneponette.comicbox.R$dimen: int navigation_drawer_width
com.reneponette.comicbox.R$drawable: int bg_actionbar
com.reneponette.comicbox.R$drawable: int bg_dot
com.reneponette.comicbox.R$drawable: int bg_dot_pattern
com.reneponette.comicbox.R$drawable: int bg_folder_info
com.reneponette.comicbox.R$drawable: int bg_folder_item
com.reneponette.comicbox.R$drawable: int bg_side_menu_item_bottom
com.reneponette.comicbox.R$drawable: int bg_side_menu_item_top
com.reneponette.comicbox.R$drawable: int comic_book_faces
com.reneponette.comicbox.R$drawable: int drawer_shadow
com.reneponette.comicbox.R$drawable: int ic_action_settings
com.reneponette.comicbox.R$drawable: int ic_drawer
com.reneponette.comicbox.R$drawable: int ic_launcher
com.reneponette.comicbox.R$drawable: int ic_overflow
com.reneponette.comicbox.R$drawable: int ico_blue_dropbox
com.reneponette.comicbox.R$id: int action_add_to_favorite
com.reneponette.comicbox.R$id: int action_read_direction_setting
com.reneponette.comicbox.R$id: int action_recreate_thumbnail
com.reneponette.comicbox.R$id: int action_remove_from_favorite
com.reneponette.comicbox.R$id: int adview
com.reneponette.comicbox.R$id: int below_box
com.reneponette.comicbox.R$id: int container
com.reneponette.comicbox.R$id: int drawer_layout
com.reneponette.comicbox.R$id: int dropbox
com.reneponette.comicbox.R$id: int dropboxIcon
com.reneponette.comicbox.R$id: int favorite_list
com.reneponette.comicbox.R$id: int filename
com.reneponette.comicbox.R$id: int folder_info_bg
com.reneponette.comicbox.R$id: int gridView1
com.reneponette.comicbox.R$id: int itemCount
com.reneponette.comicbox.R$id: int itemImage
com.reneponette.comicbox.R$id: int itemImageTitle
com.reneponette.comicbox.R$id: int itemMenuBtn
com.reneponette.comicbox.R$id: int itemName
com.reneponette.comicbox.R$id: int itemProgress
com.reneponette.comicbox.R$id: int menu_bg
com.reneponette.comicbox.R$id: int menu_container
com.reneponette.comicbox.R$id: int navigation_drawer
com.reneponette.comicbox.R$id: int number_picker
com.reneponette.comicbox.R$id: int pageLeft
com.reneponette.comicbox.R$id: int pageNumber
com.reneponette.comicbox.R$id: int pageRight
com.reneponette.comicbox.R$id: int previewImage
com.reneponette.comicbox.R$id: int preview_box
com.reneponette.comicbox.R$id: int preview_image
com.reneponette.comicbox.R$layout: int activity_main
com.reneponette.comicbox.R$layout: int activity_reader
com.reneponette.comicbox.R$layout: int dialog_number_picker
com.reneponette.comicbox.R$layout: int favorite_item
com.reneponette.comicbox.R$layout: int fragment_explorer
com.reneponette.comicbox.R$layout: int fragment_explorer_item
com.reneponette.comicbox.R$layout: int fragment_explorer_item_old
com.reneponette.comicbox.R$layout: int fragment_navigation_drawer
com.reneponette.comicbox.R$layout: int fragment_reader_menu
com.reneponette.comicbox.R$layout: int fragment_reader_zip
com.reneponette.comicbox.R$layout: int page_ad_item
com.reneponette.comicbox.R$layout: int page_end_item
com.reneponette.comicbox.R$layout: int preview_item
...
com.artifex.mupdfdemo.MuPDFReflowView$2
com.artifex.mupdfdemo.MuPDFReflowView$2: com.artifex.mupdfdemo.MuPDFReflowView this$0
com.artifex.mupdfdemo.MuPDFReflowView$2: MuPDFReflowView$2(com.artifex.mupdfdemo.MuPDFReflowView)
com.artifex.mupdfdemo.MuPDFReflowView$2: void onPageFinished(android.webkit.WebView,java.lang.String)
com.artifex.mupdfdemo.MuPDFReflowView$3
com.artifex.mupdfdemo.MuPDFReflowView$3: com.artifex.mupdfdemo.MuPDFReflowView this$0
com.artifex.mupdfdemo.MuPDFReflowView$3: MuPDFReflowView$3(com.artifex.mupdfdemo.MuPDFReflowView)
com.artifex.mupdfdemo.MuPDFReflowView$3: byte[] doInBackground(java.lang.Void[])
com.artifex.mupdfdemo.MuPDFReflowView$3: void onPostExecute(byte[])
com.artifex.mupdfdemo.MuPDFReflowView$3: void onPostExecute(java.lang.Object)
com.artifex.mupdfdemo.MuPDFReflowView$3: java.lang.Object doInBackground(java.lang.Object[])
com.artifex.mupdfdemo.MuPDFView
com.artifex.mupdfdemo.MuPDFView: void setPage(int,android.graphics.PointF)
com.artifex.mupdfdemo.MuPDFView: void setScale(float)
com.artifex.mupdfdemo.MuPDFView: int getPage()
com.artifex.mupdfdemo.MuPDFView: void blank(int)
com.artifex.mupdfdemo.MuPDFView: com.artifex.mupdfdemo.Hit passClickEvent(float,float)
com.artifex.mupdfdemo.MuPDFView: com.artifex.mupdfdemo.LinkInfo hitLink(float,float)
com.artifex.mupdfdemo.MuPDFView: void selectText(float,float,float,float)
com.artifex.mupdfdemo.MuPDFView: void deselectText()
com.artifex.mupdfdemo.MuPDFView: boolean copySelection()
com.artifex.mupdfdemo.MuPDFView: boolean markupSelection(com.artifex.mupdfdemo.Annotation$Type)
com.artifex.mupdfdemo.MuPDFView: void deleteSelectedAnnotation()
com.artifex.mupdfdemo.MuPDFView: void setSearchBoxes(android.graphics.RectF[])
com.artifex.mupdfdemo.MuPDFView: void setLinkHighlighting(boolean)
com.artifex.mupdfdemo.MuPDFView: void deselectAnnotation()
com.artifex.mupdfdemo.MuPDFView: void startDraw(float,float)
com.artifex.mupdfdemo.MuPDFView: void continueDraw(float,float)
com.artifex.mupdfdemo.MuPDFView: void cancelDraw()
com.artifex.mupdfdemo.MuPDFView: boolean saveDraw()
com.artifex.mupdfdemo.MuPDFView: void setChangeReporter(java.lang.Runnable)
com.artifex.mupdfdemo.MuPDFView: void update()
com.artifex.mupdfdemo.MuPDFView: void updateHq(boolean)
com.artifex.mupdfdemo.MuPDFView: void removeHq()
com.artifex.mupdfdemo.MuPDFView: void releaseResources()
com.artifex.mupdfdemo.OpaqueImageView
com.artifex.mupdfdemo.OpaqueImageView: OpaqueImageView(android.content.Context)
com.artifex.mupdfdemo.OpaqueImageView: boolean isOpaque()
com.artifex.mupdfdemo.OutlineActivityData
com.artifex.mupdfdemo.OutlineActivityData: com.artifex.mupdfdemo.OutlineItem[] items
com.artifex.mupdfdemo.OutlineActivityData: int position
com.artifex.mupdfdemo.OutlineActivityData: com.artifex.mupdfdemo.OutlineActivityData singleton
com.artifex.mupdfdemo.OutlineActivityData: OutlineActivityData()
com.artifex.mupdfdemo.OutlineActivityData: void set(com.artifex.mupdfdemo.OutlineActivityData)
com.artifex.mupdfdemo.OutlineActivityData: com.artifex.mupdfdemo.OutlineActivityData get()
com.artifex.mupdfdemo.OutlineItem
com.artifex.mupdfdemo.OutlineItem: int level
com.artifex.mupdfdemo.OutlineItem: java.lang.String title
com.artifex.mupdfdemo.OutlineItem: int page
com.artifex.mupdfdemo.OutlineItem: OutlineItem(int,java.lang.String,int)