proguard/mapping.txt
com.reneponette.comicbox.application.GlobalApplication -> com.reneponette.comicbox.application.GlobalApplication:
    com.reneponette.comicbox.application.GlobalApplication instance -> a
    android.os.Handler handler -> b
    com.reneponette.comicbox.application.GlobalApplication instance() -> a
    void onCreate() -> onCreate
    void onTerminate() -> onTerminate
    android.os.Handler getHandler() -> b
com.reneponette.comicbox.cache.BitmapCache -> com.reneponette.comicbox.a.a:
    com.reneponette.comicbox.cache.BitmapCache INSTANCE -> a
    android.util.LruCache mMemoryCache -> b
    com.reneponette.comicbox.cache.BitmapCache[] ENUM$VALUES -> c
    void addBitmapToMemoryCache(java.lang.String,android.graphics.Bitmap) -> a
    android.graphics.Bitmap getBitmapFromMemCache(java.lang.String) -> a
    void addBitmapToMemoryCache(com.reneponette.comicbox.db.FileInfo,android.graphics.Bitmap) -> a
    android.graphics.Bitmap getBitmapFromMemCache(com.reneponette.comicbox.db.FileInfo) -> a
    android.graphics.Bitmap removeBitmapFromMemCache(com.reneponette.comicbox.db.FileInfo) -> b
    com.reneponette.comicbox.cache.BitmapCache[] values() -> values
    com.reneponette.comicbox.cache.BitmapCache valueOf(java.lang.String) -> valueOf
com.reneponette.comicbox.cache.BitmapCache$1 -> com.reneponette.comicbox.a.b:
    com.reneponette.comicbox.cache.BitmapCache this$0 -> a
    int sizeOf(java.lang.String,android.graphics.Bitmap) -> a
    int sizeOf(java.lang.Object,java.lang.Object) -> sizeOf
com.reneponette.comicbox.cache.DropboxComicsDownloader -> com.reneponette.comicbox.a.c:
    com.reneponette.comicbox.db.FileInfo info -> a
    com.dropbox.client2.DropboxAPI api -> b
    boolean cancelled -> c
    com.reneponette.comicbox.cache.DropboxComicsDownloader$OnLoadComicsListener listener -> d
    java.lang.Thread runningThread -> e
    void run() -> a
    void stop() -> b
com.reneponette.comicbox.cache.DropboxComicsDownloader$1 -> com.reneponette.comicbox.a.d:
    com.reneponette.comicbox.cache.DropboxComicsDownloader this$0 -> a
    void run() -> run
    com.reneponette.comicbox.cache.DropboxComicsDownloader access$0(com.reneponette.comicbox.cache.DropboxComicsDownloader$1) -> a
com.reneponette.comicbox.cache.DropboxComicsDownloader$1$1 -> com.reneponette.comicbox.a.e:
    com.reneponette.comicbox.cache.DropboxComicsDownloader$1 this$1 -> a
    void onProgress(long,long) -> onProgress
    com.reneponette.comicbox.cache.DropboxComicsDownloader$1 access$0(com.reneponette.comicbox.cache.DropboxComicsDownloader$1$1) -> a
com.reneponette.comicbox.cache.DropboxComicsDownloader$1$1$1 -> com.reneponette.comicbox.a.f:
    com.reneponette.comicbox.cache.DropboxComicsDownloader$1$1 this$2 -> a
    long val$bytes -> b
    long val$total -> c
    void run() -> run
com.reneponette.comicbox.cache.DropboxComicsDownloader$1$2 -> com.reneponette.comicbox.a.g:
    com.reneponette.comicbox.cache.DropboxComicsDownloader$1 this$1 -> a
    java.io.File val$f -> b
    void run() -> run
com.reneponette.comicbox.cache.DropboxComicsDownloader$OnLoadComicsListener -> com.reneponette.comicbox.a.h:
    void onLoadComics(java.io.File) -> a
    void onProgress(long,long) -> a
com.reneponette.comicbox.cache.DropboxThumbBitmapLoader -> com.reneponette.comicbox.a.i:
    com.reneponette.comicbox.db.FileInfo info -> a
    com.dropbox.client2.DropboxAPI api -> b
    android.widget.ImageView iv -> c
    com.reneponette.comicbox.cache.DropboxThumbBitmapLoader$OnLoadBitmapListener listener -> d
    java.util.Set requestSet -> e
    void run() -> a
    void notifyOnMainThread(android.graphics.Bitmap) -> a
    void access$0(com.reneponette.comicbox.cache.DropboxThumbBitmapLoader,android.graphics.Bitmap) -> a
    java.util.Set access$1() -> b
...
org.apache.commons.compress.compressors.pack200.Pack200CompressorInputStream$1 -> org.apache.commons.compress.compressors.pack200.Pack200CompressorInputStream$1:
    org.apache.commons.compress.compressors.pack200.Pack200CompressorInputStream this$0 -> a
    void close() -> close
org.apache.commons.compress.compressors.pack200.Pack200CompressorOutputStream -> org.apache.commons.compress.compressors.pack200.Pack200CompressorOutputStream:
    boolean finished -> a
    java.io.OutputStream originalOutput -> b
    org.apache.commons.compress.compressors.pack200.StreamBridge streamBridge -> c
    java.util.Map properties -> d
    void write(int) -> write
    void write(byte[]) -> write
    void write(byte[],int,int) -> write
    void close() -> close
    void finish() -> finish
org.apache.commons.compress.compressors.pack200.Pack200Strategy -> org.apache.commons.compress.compressors.pack200.Pack200Strategy:
    org.apache.commons.compress.compressors.pack200.Pack200Strategy IN_MEMORY -> IN_MEMORY
    org.apache.commons.compress.compressors.pack200.Pack200Strategy TEMP_FILE -> TEMP_FILE
    org.apache.commons.compress.compressors.pack200.Pack200Strategy[] $VALUES -> a
    org.apache.commons.compress.compressors.pack200.Pack200Strategy[] values() -> values
    org.apache.commons.compress.compressors.pack200.Pack200Strategy valueOf(java.lang.String) -> valueOf
    org.apache.commons.compress.compressors.pack200.StreamBridge newStreamBridge() -> a
org.apache.commons.compress.compressors.pack200.Pack200Strategy$1 -> org.apache.commons.compress.compressors.pack200.Pack200Strategy$1:
    org.apache.commons.compress.compressors.pack200.StreamBridge newStreamBridge() -> a
org.apache.commons.compress.compressors.pack200.Pack200Strategy$2 -> org.apache.commons.compress.compressors.pack200.Pack200Strategy$2:
    org.apache.commons.compress.compressors.pack200.StreamBridge newStreamBridge() -> a
org.apache.commons.compress.compressors.pack200.Pack200Utils -> org.apache.commons.compress.compressors.pack200.Pack200Utils:
    void normalize(java.io.File) -> normalize
    void normalize(java.io.File,java.util.Map) -> normalize
    void normalize(java.io.File,java.io.File) -> normalize
    void normalize(java.io.File,java.io.File,java.util.Map) -> normalize
org.apache.commons.compress.compressors.pack200.StreamBridge -> org.apache.commons.compress.compressors.pack200.StreamBridge:
    java.io.InputStream input -> a
    java.lang.Object INPUT_LOCK -> b
    java.io.InputStream getInput() -> b
    java.io.InputStream getInputView() -> a
    void stop() -> c
org.apache.commons.compress.compressors.pack200.TempFileCachingStreamBridge -> org.apache.commons.compress.compressors.pack200.TempFileCachingStreamBridge:
    java.io.File f -> a
    java.io.InputStream getInputView() -> a
    java.io.File access$000(org.apache.commons.compress.compressors.pack200.TempFileCachingStreamBridge) -> a
org.apache.commons.compress.compressors.pack200.TempFileCachingStreamBridge$1 -> org.apache.commons.compress.compressors.pack200.TempFileCachingStreamBridge$1:
    org.apache.commons.compress.compressors.pack200.TempFileCachingStreamBridge this$0 -> a
    void close() -> close