proguard/usage.txt
com.reneponette.comicbox.BuildConfig
com.reneponette.comicbox.R
com.reneponette.comicbox.R$array
com.reneponette.comicbox.R$attr
com.reneponette.comicbox.R$color
com.reneponette.comicbox.R$dimen
com.reneponette.comicbox.R$drawable
com.reneponette.comicbox.R$id
com.reneponette.comicbox.R$layout
com.reneponette.comicbox.R$menu
com.reneponette.comicbox.R$string
com.reneponette.comicbox.R$style
com.reneponette.comicbox.R$styleable
com.reneponette.comicbox.R$xml
com.reneponette.comicbox.cache.BitmapCache:
    45:45:public android.graphics.Bitmap removeBitmapFromMemCache(java.lang.String)
com.reneponette.comicbox.cache.DropboxThumbBitmapLoader:
    39:43:public DropboxThumbBitmapLoader(com.reneponette.comicbox.db.FileInfo,com.dropbox.client2.DropboxAPI,com.reneponette.comicbox.cache.DropboxThumbBitmapLoader$OnLoadBitmapListener)
com.reneponette.comicbox.cache.LocalThumbBitmapLoader:
    30:33:public LocalThumbBitmapLoader(com.reneponette.comicbox.db.FileInfo,com.reneponette.comicbox.cache.LocalThumbBitmapLoader$OnLoadBitmapListener)
    43:44:public com.reneponette.comicbox.cache.LocalThumbBitmapLoader lookupCacheFirst(boolean)
com.reneponette.comicbox.cache.PageBitmapLoader:
    27:33:public PageBitmapLoader(com.reneponette.comicbox.model.PageInfo,com.reneponette.comicbox.cache.PageBitmapLoader$OnLoadBitmapListener,boolean,boolean)
com.reneponette.comicbox.constant.C:
    public static final java.lang.String LAST_LOCAL_PATH
    public static final java.lang.String LAST_DROPBOX_PATH
    public static final java.lang.String DEFAULT_NAME
    public static final java.lang.String LOCAL_ROOT_PATH
    public static final java.lang.String DEFAULT_LOCAL_PATH
    public static final java.lang.String DEFAULT_DROPBOX_PATH
    8:8:public C()
com.reneponette.comicbox.controller.DataController:
    boolean autocrop
    77:80:public DataController(com.reneponette.comicbox.controller.DataController$OnDataBuildListener)
    182:182:public java.util.List getPageInfoList()
    206:206:public boolean isAutocrop()
    210:211:public void setAutocrop(boolean)
    502:504:private void addAdPageInfo(boolean)
com.reneponette.comicbox.db.BaseDAO:
    public abstract java.lang.Object populateObject(android.database.Cursor)
    44:44:public long insert(com.reneponette.comicbox.db.DatabaseStorable)
    48:48:public long insert(android.content.ContentValues)
    53:54:public int update(long,android.content.ContentValues)
    65:66:public int delete(long)
    71:76:public android.database.Cursor getAll(java.lang.String[])
    80:85:public android.database.Cursor getAll(java.lang.String[],java.lang.String)
    90:96:public android.database.Cursor get(java.lang.String[],long)
    100:105:public android.database.Cursor get(java.lang.String[],java.lang.String)
    109:114:public android.database.Cursor get(java.lang.String[],java.lang.String,java.lang.String)
    120:120:public long replace(android.content.ContentValues)
com.reneponette.comicbox.db.DBOpenHelper:
    private static final java.lang.String DATABASE_NAME
    private static final int DATABASE_VERSION
com.reneponette.comicbox.db.DataBases
com.reneponette.comicbox.db.FileInfo:
    public static final java.lang.String COL_KEY
    public static final java.lang.String COL_TYPE
    public static final java.lang.String COL_PATH
    public static final java.lang.String COL_META
com.reneponette.comicbox.db.FileInfoDAO:
    public static final java.lang.String TABLE_NAME
    136:154:public java.util.List getFileInfos()
    1:1:public bridge synthetic java.lang.Object populateObject(android.database.Cursor)
com.reneponette.comicbox.manager.DropBoxManager:
    private static final java.lang.String APP_KEY
    private static final java.lang.String ACCOUNT_PREFS_NAME
    private static final java.lang.String ACCESS_KEY_NAME
    private static final java.lang.String ACCESS_SECRET_NAME
com.reneponette.comicbox.manager.PausableThreadPoolExecutor:
    63:69:public void pause()
    72:79:public void resume()
...
android.support.v4.graphics.drawable.DrawableCompatKitKat
android.support.v4.hardware.display.DisplayManagerCompat
android.support.v4.hardware.display.DisplayManagerCompat$JellybeanMr1Impl
android.support.v4.hardware.display.DisplayManagerCompat$LegacyImpl
android.support.v4.hardware.display.DisplayManagerJellybeanMr1
android.support.v4.internal.view.SupportMenu
android.support.v4.internal.view.SupportMenuItem
android.support.v4.internal.view.SupportSubMenu
android.support.v4.media.TransportController
android.support.v4.media.TransportMediator
android.support.v4.media.TransportMediator$1
android.support.v4.media.TransportMediator$2
android.support.v4.media.TransportMediatorCallback
android.support.v4.media.TransportMediatorJellybeanMR2
android.support.v4.media.TransportMediatorJellybeanMR2$1
android.support.v4.media.TransportMediatorJellybeanMR2$2
android.support.v4.media.TransportMediatorJellybeanMR2$3
android.support.v4.media.TransportMediatorJellybeanMR2$4
android.support.v4.media.TransportPerformer
android.support.v4.media.TransportStateListener
android.support.v4.net.ConnectivityManagerCompat
android.support.v4.net.ConnectivityManagerCompat$BaseConnectivityManagerCompatImpl
android.support.v4.net.ConnectivityManagerCompat$ConnectivityManagerCompatImpl
android.support.v4.net.ConnectivityManagerCompat$GingerbreadConnectivityManagerCompatImpl
android.support.v4.net.ConnectivityManagerCompat$HoneycombMR2ConnectivityManagerCompatImpl
android.support.v4.net.ConnectivityManagerCompat$JellyBeanConnectivityManagerCompatImpl
android.support.v4.net.ConnectivityManagerCompatGingerbread
android.support.v4.net.ConnectivityManagerCompatHoneycombMR2
android.support.v4.net.ConnectivityManagerCompatJellyBean
android.support.v4.net.TrafficStatsCompat
android.support.v4.net.TrafficStatsCompat$1
android.support.v4.net.TrafficStatsCompat$BaseTrafficStatsCompatImpl
android.support.v4.net.TrafficStatsCompat$BaseTrafficStatsCompatImpl$1
android.support.v4.net.TrafficStatsCompat$BaseTrafficStatsCompatImpl$SocketTags
android.support.v4.net.TrafficStatsCompat$IcsTrafficStatsCompatImpl
android.support.v4.net.TrafficStatsCompat$TrafficStatsCompatImpl
android.support.v4.net.TrafficStatsCompatIcs
android.support.v4.os.EnvironmentCompat
android.support.v4.os.EnvironmentCompatKitKat
android.support.v4.os.ParcelableCompat:
    26:42:public ParcelableCompat()
android.support.v4.os.ParcelableCompatCreatorHoneycombMR2Stub:
    22:22:ParcelableCompatCreatorHoneycombMR2Stub()
android.support.v4.print.PrintHelper
android.support.v4.print.PrintHelper$1
android.support.v4.print.PrintHelper$PrintHelperKitkatImpl
android.support.v4.print.PrintHelper$PrintHelperStubImpl
android.support.v4.print.PrintHelper$PrintHelperVersionImpl
android.support.v4.print.PrintHelperKitkat
android.support.v4.print.PrintHelperKitkat$1
android.support.v4.print.PrintHelperKitkat$2
android.support.v4.print.PrintHelperKitkat$2$1
android.support.v4.print.PrintHelperKitkat$2$1$1
android.support.v4.text.BidiFormatter
android.support.v4.text.BidiFormatter$1
android.support.v4.text.BidiFormatter$Builder
android.support.v4.text.BidiFormatter$DirectionalityEstimator
android.support.v4.text.ICUCompat
android.support.v4.text.ICUCompat$ICUCompatImpl
android.support.v4.text.ICUCompat$ICUCompatImplBase
android.support.v4.text.ICUCompat$ICUCompatImplIcs
android.support.v4.text.ICUCompatIcs
android.support.v4.text.TextDirectionHeuristicCompat
android.support.v4.text.TextDirectionHeuristicsCompat
android.support.v4.text.TextDirectionHeuristicsCompat$1
android.support.v4.text.TextDirectionHeuristicsCompat$AnyStrong
android.support.v4.text.TextDirectionHeuristicsCompat$FirstStrong
android.support.v4.text.TextDirectionHeuristicsCompat$TextDirectionAlgorithm
android.support.v4.text.TextDirectionHeuristicsCompat$TextDirectionHeuristicImpl
android.support.v4.text.TextDirectionHeuristicsCompat$TextDirectionHeuristicInternal
android.support.v4.text.TextDirectionHeuristicsCompat$TextDirectionHeuristicLocale